PowerShell 7.5.4
PS C:\Windows\System32> cd ~
PS C:\Users\hiroma-ito.NGKNTK> cd .\Documents\PlatformIO\Projects\m5stamp_bme688_poc\pc_logger\
PS C:\Users\hiroma-ito.NGKNTK\Documents\PlatformIO\Projects\m5stamp_bme688_poc\pc_logger> python -m venv .venv
PS C:\Users\hiroma-ito.NGKNTK\Documents\PlatformIO\Projects\m5stamp_bme688_poc\pc_logger> pip install -r requirement.txt

ERROR: Could not open requirements file: [Errno 2] No such file or directory: 'requirement.txt'
PS C:\Users\hiroma-ito.NGKNTK\Documents\PlatformIO\Projects\m5stamp_bme688_poc\pc_logger> pip install -r requirements.txt
WARNING: Retrying (Retry(total=4, connect=None, read=None, redirect=None, status=None)) after connection broken by 'ReadTimeoutError("HTTPSConnectionPool(host='pypi.org', port=443): Read timed out. (read timeout=15)")': /simple/pyserial/
WARNING: Retrying (Retry(total=3, connect=None, read=None, redirect=None, status=None)) after connection broken by 'ReadTimeoutError("HTTPSConnectionPool(host='pypi.org', port=443): Read timed out. (read timeout=15)")': /simple/pyserial/
WARNING: Retrying (Retry(total=2, connect=None, read=None, redirect=None, status=None)) after connection broken by 'ProtocolError('Connection aborted.', ConnectionResetError(10054, '既存の接続はリモート ホストに強制的に切断されました。', None, 10054, None))': /simple/pyserial/
Collecting pyserial<4,>=3.5 (from -r requirements.txt (line 1))
  Using cached pyserial-3.5-py2.py3-none-any.whl.metadata (1.6 kB)
Collecting PySide6<7,>=6.6 (from -r requirements.txt (line 2))
  Using cached pyside6-6.10.2-cp39-abi3-win_amd64.whl.metadata (5.5 kB)
Collecting pyqtgraph<0.14,>=0.13 (from -r requirements.txt (line 3))
  Downloading pyqtgraph-0.13.7-py3-none-any.whl.metadata (1.3 kB)
Requirement already satisfied: numpy<3,>=1.24 in c:\users\hiroma-ito.ngkntk\appdata\local\programs\python\python313\lib\site-packages (from -r requirements.txt (line 4)) (2.2.6)
Collecting shiboken6==6.10.2 (from PySide6<7,>=6.6->-r requirements.txt (line 2))
  Using cached shiboken6-6.10.2-cp39-abi3-win_amd64.whl.metadata (2.6 kB)
Collecting PySide6_Essentials==6.10.2 (from PySide6<7,>=6.6->-r requirements.txt (line 2))
  Using cached pyside6_essentials-6.10.2-cp39-abi3-win_amd64.whl.metadata (3.8 kB)
Collecting PySide6_Addons==6.10.2 (from PySide6<7,>=6.6->-r requirements.txt (line 2))
  Using cached pyside6_addons-6.10.2-cp39-abi3-win_amd64.whl.metadata (4.2 kB)
Using cached pyserial-3.5-py2.py3-none-any.whl (90 kB)
Using cached pyside6-6.10.2-cp39-abi3-win_amd64.whl (569 kB)
Using cached pyside6_addons-6.10.2-cp39-abi3-win_amd64.whl (164.7 MB)
Using cached pyside6_essentials-6.10.2-cp39-abi3-win_amd64.whl (74.5 MB)
Using cached shiboken6-6.10.2-cp39-abi3-win_amd64.whl (1.2 MB)
Downloading pyqtgraph-0.13.7-py3-none-any.whl (1.9 MB)
   ━━━━━━━━━━━━━━━━━━━━━━━━━━━━━━━━━━━━━━━━ 1.9/1.9 MB 28.6 MB/s eta 0:00:00
Installing collected packages: pyserial, shiboken6, pyqtgraph, PySide6_Essentials, PySide6_Addons, PySide6
Successfully installed PySide6-6.10.2 PySide6_Addons-6.10.2 PySide6_Essentials-6.10.2 pyqtgraph-0.13.7 pyserial-3.5 shiboken6-6.10.2

[notice] A new release of pip is available: 25.1.1 -> 26.0.1
[notice] To update, run: python.exe -m pip install --upgrade pip
PS C:\Users\hiroma-ito.NGKNTK\Documents\PlatformIO\Projects\m5stamp_bme688_poc\pc_logger> python .\src\gui_app.py
qt.qpa.plugin: Could not find the Qt platform plugin "windows" in "C:\Users\hiroma-ito.NGKNTK\AppData\Local\Programs\Python\Python313\Lib\site-packages\PySide6\Qt\plugins\platforms"
This application failed to start because no Qt platform plugin could be initialized. Reinstalling the application may fix this problem.

PS C:\Users\hiroma-ito.NGKNTK\Documents\PlatformIO\Projects\m5stamp_bme688_poc\pc_logger> pyside6-deploy -c .\pysidedeploy.spec -f --mode standalone
C:\Users\hiroma-ito.NGKNTK\AppData\Local\Programs\Python\Python313\Lib\site-packages\PySide6\scripts\deploy_lib\config.py:503: RuntimeWarning: [DEPLOY] Unable to find dumpbin. This tool helps to find the Qt module dependencies of the application. Skipping checking for dependencies.
  warnings.warn(f"[DEPLOY] Unable to find {self.dependency_reader.lib_reader_name}. This "
Collecting Nuitka==2.7.11
  Downloading Nuitka-2.7.11.tar.gz (3.9 MB)
     ━━━━━━━━━━━━━━━━━━━━━━━━━━━━━━━━━━━━━━━━ 3.9/3.9 MB 3.6 MB/s eta 0:00:00
  Installing build dependencies ... done
  Getting requirements to build wheel ... done
  Preparing metadata (pyproject.toml) ... done
Collecting ordered-set>=4.1.0 (from Nuitka==2.7.11)
  Downloading ordered_set-4.1.0-py3-none-any.whl.metadata (5.3 kB)
Collecting zstandard>=0.15 (from Nuitka==2.7.11)
  Downloading zstandard-0.25.0-cp313-cp313-win_amd64.whl.metadata (3.3 kB)
Downloading ordered_set-4.1.0-py3-none-any.whl (7.6 kB)
Downloading zstandard-0.25.0-cp313-cp313-win_amd64.whl (506 kB)
Building wheels for collected packages: Nuitka
  Building wheel for Nuitka (pyproject.toml) ... done
  Created wheel for Nuitka: filename=nuitka-2.7.11-cp313-cp313-win_amd64.whl size=3599733 sha256=beb7bd69f573cd3d3e07c63183a60e21b15b0e58361ced1a8b614178dc201849
  Stored in directory: c:\users\hiroma-ito.ngkntk\appdata\local\pip\cache\wheels\22\c1\d2\03da7dceaa4ba6160c7f69325a431b3e50db17c484a8805622
Successfully built Nuitka
Installing collected packages: zstandard, ordered-set, Nuitka
Successfully installed Nuitka-2.7.11 ordered-set-4.1.0 zstandard-0.25.0

[notice] A new release of pip is available: 25.1.1 -> 26.0.1
[notice] To update, run: python.exe -m pip install --upgrade pip
Nuitka will use gcc from MinGW64 of winlibs to compile on Windows.

Is it OK to download and put it in 'C:\Users\HIROMA~1.NGK\AppData\Local\Nuitka\Nuitka\Cache\DOWNLO~1\gcc\x86_64\14.2.0posix-19.1.1-12.0.0-msvcrt-r2'.

Fully automatic, cached. Proceed and download? [Yes]/No : Yes
FATAL: Sorry, non-MSVC is not currently supported with Python 3.13,
due to differences in layout internal structures of Python.

Newer Nuitka will work to solve this. Use Python 3.12 or
option "--msvc=latest" as a workaround for now and wait
for updates of Nuitka to add MinGW64 support back.
FATAL: Failed unexpectedly in Scons C backend compilation.
Nuitka:WARNING:     Complex topic! More information can be found at
Nuitka:WARNING: https://nuitka.net/info/scons-backend-failure.html
[DEPLOY] Exception occurred: Traceback (most recent call last):
  File "C:\Users\hiroma-ito.NGKNTK\AppData\Local\Programs\Python\Python313\Lib\site-packages\PySide6\scripts\deploy_lib\commands.py", line 27, in run_command
    subprocess.check_call(command, shell=is_windows)
    ~~~~~~~~~~~~~~~~~~~~~^^^^^^^^^^^^^^^^^^^^^^^^^^^
  File "C:\Users\hiroma-ito.NGKNTK\AppData\Local\Programs\Python\Python313\Lib\subprocess.py", line 419, in check_call
    raise CalledProcessError(retcode, cmd)
subprocess.CalledProcessError: Command '[WindowsPath('C:/Users/hiroma-ito.NGKNTK/AppData/Local/Programs/Python/Python313/python.exe'), '-m', 'nuitka', 'C:\\Users\\hiroma-ito.NGKNTK\\Documents\\PlatformIO\\Projects\\m5stamp_bme688_poc\\pc_logger\\main.py', '--follow-imports', '--enable-plugin=pyside6', '--output-dir=C:\\Users\\hiroma-ito.NGKNTK\\Documents\\PlatformIO\\Projects\\m5stamp_bme688_poc\\pc_logger\\deployment', '--quiet', '--noinclude-qt-translations', '--standalone', '--noinclude-dlls=*.cpp.o', '--noinclude-dlls=*.qsb', '--windows-icon-from-ico=C:\\Users\\hiroma-ito.NGKNTK\\AppData\\Local\\Programs\\Python\\Python313\\Lib\\site-packages\\PySide6\\scripts\\deploy_lib\\pyside_icon.ico', '--include-qt-plugins=platforminputcontexts']' returned non-zero exit status 1.

During handling of the above exception, another exception occurred:

Traceback (most recent call last):
  File "C:\Users\hiroma-ito.NGKNTK\AppData\Local\Programs\Python\Python313\Lib\site-packages\PySide6\scripts\deploy.py", line 153, in main
    command_str = nuitka.create_executable(source_file=config.source_file,
                                           extra_args=config.extra_args,
    ...<5 lines>...
                                           permissions=config.permissions,
                                           mode=config.mode)
  File "C:\Users\hiroma-ito.NGKNTK\AppData\Local\Programs\Python\Python313\Lib\site-packages\PySide6\scripts\deploy_lib\nuitka_helper.py", line 178, in create_executable
    command_str, _ = run_command(command=command, dry_run=dry_run)
                     ~~~~~~~~~~~^^^^^^^^^^^^^^^^^^^^^^^^^^^^^^^^^^
  File "C:\Users\hiroma-ito.NGKNTK\AppData\Local\Programs\Python\Python313\Lib\site-packages\PySide6\scripts\deploy_lib\commands.py", line 33, in run_command
    raise RuntimeError(
    ...<2 lines>...
    )
RuntimeError: [DEPLOY] Command C:\Users\hiroma-ito.NGKNTK\AppData\Local\Programs\Python\Python313\python.exe -m nuitka C:\Users\hiroma-ito.NGKNTK\Documents\PlatformIO\Projects\m5stamp_bme688_poc\pc_logger\main.py --follow-imports --enable-plugin=pyside6 --output-dir=C:\Users\hiroma-ito.NGKNTK\Documents\PlatformIO\Projects\m5stamp_bme688_poc\pc_logger\deployment --quiet --noinclude-qt-translations --standalone --noinclude-dlls=*.cpp.o --noinclude-dlls=*.qsb --windows-icon-from-ico=C:\Users\hiroma-ito.NGKNTK\AppData\Local\Programs\Python\Python313\Lib\site-packages\PySide6\scripts\deploy_lib\pyside_icon.ico --include-qt-plugins=platforminputcontexts failed with error Command '[WindowsPath('C:/Users/hiroma-ito.NGKNTK/AppData/Local/Programs/Python/Python313/python.exe'), '-m', 'nuitka', 'C:\\Users\\hiroma-ito.NGKNTK\\Documents\\PlatformIO\\Projects\\m5stamp_bme688_poc\\pc_logger\\main.py', '--follow-imports', '--enable-plugin=pyside6', '--output-dir=C:\\Users\\hiroma-ito.NGKNTK\\Documents\\PlatformIO\\Projects\\m5stamp_bme688_poc\\pc_logger\\deployment', '--quiet', '--noinclude-qt-translations', '--standalone', '--noinclude-dlls=*.cpp.o', '--noinclude-dlls=*.qsb', '--windows-icon-from-ico=C:\\Users\\hiroma-ito.NGKNTK\\AppData\\Local\\Programs\\Python\\Python313\\Lib\\site-packages\\PySide6\\scripts\\deploy_lib\\pyside_icon.ico', '--include-qt-plugins=platforminputcontexts']' returned non-zero exit status 1. and return_code1

[DEPLOY] Executed file created in C:\Users\hiroma-ito.NGKNTK\Documents\PlatformIO\Projects\m5stamp_bme688_poc\pc_logger\build\h2s_benchmark_logger.dist
PS C:\Users\hiroma-ito.NGKNTK\Documents\PlatformIO\Projects\m5stamp_bme688_poc\pc_logger>
